0 info it worked if it ends with ok
1 verbose cli [ 'C:\\Program Files\\nodejs\\node.exe',
1 verbose cli   'C:\\Program Files\\nodejs\\node_modules\\npm\\bin\\npm-cli.js',
1 verbose cli   'view',
1 verbose cli   'org.apache.cordova.camera',
1 verbose cli   'version' ]
2 info using npm@2.15.9
3 info using node@v4.5.0
4 silly mapToRegistry name org.apache.cordova.camera
5 silly mapToRegistry using default registry
6 silly mapToRegistry registry https://registry.npmjs.org/
7 silly mapToRegistry data Result {
7 silly mapToRegistry   raw: 'org.apache.cordova.camera',
7 silly mapToRegistry   scope: null,
7 silly mapToRegistry   name: 'org.apache.cordova.camera',
7 silly mapToRegistry   rawSpec: '',
7 silly mapToRegistry   spec: 'latest',
7 silly mapToRegistry   type: 'tag' }
8 silly mapToRegistry uri https://registry.npmjs.org/org.apache.cordova.camera
9 verbose request uri https://registry.npmjs.org/org.apache.cordova.camera
10 verbose request no auth needed
11 info attempt registry request try #1 at 09:23:18
12 verbose request id 60f0d933e7cb24f9
13 http request GET https://registry.npmjs.org/org.apache.cordova.camera
14 http 404 https://registry.npmjs.org/org.apache.cordova.camera
15 verbose headers { server: 'CouchDB/1.5.0 (Erlang OTP/R16B03)',
15 verbose headers   etag: '"8W3IZFWD7VEY9G354D8VQJ737"',
15 verbose headers   'content-type': 'application/json',
15 verbose headers   'cache-control': 'max-age=0',
15 verbose headers   'content-length': '475',
15 verbose headers   'accept-ranges': 'bytes',
15 verbose headers   date: 'Tue, 13 Sep 2016 07:23:19 GMT',
15 verbose headers   via: '1.1 varnish',
15 verbose headers   age: '0',
15 verbose headers   connection: 'keep-alive',
15 verbose headers   'x-served-by': 'cache-lhr6333-LHR',
15 verbose headers   'x-cache': 'MISS',
15 verbose headers   'x-cache-hits': '0',
15 verbose headers   'x-timer': 'S1473751399.825871,VS0,VE171',
15 verbose headers   vary: 'Accept-Encoding' }
16 silly get cb [ 404,
16 silly get   { server: 'CouchDB/1.5.0 (Erlang OTP/R16B03)',
16 silly get     etag: '"8W3IZFWD7VEY9G354D8VQJ737"',
16 silly get     'content-type': 'application/json',
16 silly get     'cache-control': 'max-age=0',
16 silly get     'content-length': '475',
16 silly get     'accept-ranges': 'bytes',
16 silly get     date: 'Tue, 13 Sep 2016 07:23:19 GMT',
16 silly get     via: '1.1 varnish',
16 silly get     age: '0',
16 silly get     connection: 'keep-alive',
16 silly get     'x-served-by': 'cache-lhr6333-LHR',
16 silly get     'x-cache': 'MISS',
16 silly get     'x-cache-hits': '0',
16 silly get     'x-timer': 'S1473751399.825871,VS0,VE171',
16 silly get     vary: 'Accept-Encoding' } ]
17 verbose stack Error: Registry returned 404 for GET on https://registry.npmjs.org/org.apache.cordova.camera
17 verbose stack     at makeError (C:\Program Files\nodejs\node_modules\npm\node_modules\npm-registry-client\lib\request.js:264:12)
17 verbose stack     at CachingRegistryClient.<anonymous> (C:\Program Files\nodejs\node_modules\npm\node_modules\npm-registry-client\lib\request.js:242:14)
17 verbose stack     at Request._callback (C:\Program Files\nodejs\node_modules\npm\node_modules\npm-registry-client\lib\request.js:172:14)
17 verbose stack     at Request.self.callback (C:\Program Files\nodejs\node_modules\npm\node_modules\request\request.js:200:22)
17 verbose stack     at emitTwo (events.js:87:13)
17 verbose stack     at Request.emit (events.js:172:7)
17 verbose stack     at Request.<anonymous> (C:\Program Files\nodejs\node_modules\npm\node_modules\request\request.js:1067:10)
17 verbose stack     at emitOne (events.js:82:20)
17 verbose stack     at Request.emit (events.js:169:7)
17 verbose stack     at IncomingMessage.<anonymous> (C:\Program Files\nodejs\node_modules\npm\node_modules\request\request.js:988:12)
18 verbose statusCode 404
19 verbose pkgid org.apache.cordova.camera
20 verbose cwd C:\Users\fred\Documents\travail\ionic\AireJeux
21 error Windows_NT 10.0.10586
22 error argv "C:\\Program Files\\nodejs\\node.exe" "C:\\Program Files\\nodejs\\node_modules\\npm\\bin\\npm-cli.js" "view" "org.apache.cordova.camera" "version"
23 error node v4.5.0
24 error npm  v2.15.9
25 error code E404
26 error 404 Registry returned 404 for GET on https://registry.npmjs.org/org.apache.cordova.camera
26 error 404
26 error 404 'org.apache.cordova.camera' is not in the npm registry.
26 error 404 You should bug the author to publish it (or use the name yourself!)
26 error 404
26 error 404 Note that you can also install from a
26 error 404 tarball, folder, http url, or git url.
27 verbose exit [ 1, true ]
